
/*C3*/SET SCHEMA PUBLIC
alter table PUBLIC.ENCOMENDA add column STATUS varchar(255)
INSERT INTO EMBALAGEM VALUES(13,12,1232342342424,'2019-06-13 09:58:03.477000',10.1E0,'Felipe.com0',NULL,NULL,NULL,'Avenia Uchoa 393 araraquara',NULL,'JPS ATM','Correios Araraquara','Thiasdfgo0',NULL,NULL,NULL,NULL,NULL,'NO_WRITED',NULL,NULL,NULL,NULL,NULL,NULL,NULL,NULL)
COMMIT
DELETE FROM EMBALAGEM WHERE ID=1
INSERT INTO EMBALAGEM VALUES(1,12,1232342342424,'2019-06-12 20:20:26.534000',10.1E0,'Felipe.com0',NULL,NULL,NULL,'Avenia Uchoa 393 araraquara',NULL,'JPS ATM','Correios Araraquara','thiago oliveira de souza',NULL,NULL,NULL,NULL,NULL,'WRITED',NULL,NULL,NULL,NULL,NULL,NULL,NULL,NULL)
DELETE FROM EMBALAGEM WHERE ID=2
INSERT INTO EMBALAGEM VALUES(2,12,1232342342424,'2019-06-12 20:21:38.107000',10.1E0,'Felipe.com0',NULL,NULL,NULL,'Avenia Uchoa 393 araraquara',NULL,'JPS ATM','Correios Araraquara','thiago oliveira de souza',NULL,NULL,NULL,NULL,NULL,'WRITED',NULL,NULL,NULL,NULL,NULL,NULL,NULL,NULL)
DELETE FROM EMBALAGEM WHERE ID=3
INSERT INTO EMBALAGEM VALUES(3,12,1232342342424,'2019-06-13 06:53:21.181000',10.1E0,'Felipe.com0',NULL,NULL,NULL,'Avenia Uchoa 393 araraquara',NULL,'JPS ATM','Correios Araraquara','Gustavo0',NULL,NULL,NULL,NULL,NULL,'WRITED',NULL,NULL,NULL,NULL,NULL,NULL,NULL,NULL)
DELETE FROM EMBALAGEM WHERE ID=4
INSERT INTO EMBALAGEM VALUES(4,12,1232342342424,'2019-06-13 06:55:59.163000',10.1E0,'Felipe.com0',NULL,NULL,NULL,'Avenia Uchoa 393 araraquara',NULL,'JPS ATM','Correios Araraquara','Thiago0',NULL,NULL,NULL,NULL,NULL,'WRITED',NULL,NULL,NULL,NULL,NULL,NULL,NULL,NULL)
DELETE FROM EMBALAGEM WHERE ID=5
INSERT INTO EMBALAGEM VALUES(5,12,1232342342424,'2019-06-13 08:30:01.087000',10.1E0,'Felipe.com0',NULL,NULL,NULL,'Avenia Uchoa 393 araraquara',NULL,'JPS ATM','Correios Araraquara','Thiago0',NULL,NULL,NULL,NULL,NULL,'WRITED',NULL,NULL,NULL,NULL,NULL,NULL,NULL,NULL)
DELETE FROM EMBALAGEM WHERE ID=6
INSERT INTO EMBALAGEM VALUES(6,12,1232342342424,'2019-06-13 08:42:37.876000',10.1E0,'Felipe.com0',NULL,NULL,NULL,'Avenia Uchoa 393 araraquara',NULL,'JPS ATM','Correios Araraquara','Thiasdfgo0',NULL,NULL,NULL,NULL,NULL,'WRITED',NULL,NULL,NULL,NULL,NULL,NULL,NULL,NULL)
DELETE FROM EMBALAGEM WHERE ID=7
INSERT INTO EMBALAGEM VALUES(7,12,1232342342424,'2019-06-13 08:44:27.560000',10.1E0,'Felipe.com0',NULL,NULL,NULL,'Avenia Uchoa 393 araraquara',NULL,'JPS ATM','Correios Araraquara','Thiasdfgo0',NULL,NULL,NULL,NULL,NULL,'WRITED',NULL,NULL,NULL,NULL,NULL,NULL,NULL,NULL)
DELETE FROM EMBALAGEM WHERE ID=8
INSERT INTO EMBALAGEM VALUES(8,12,1232342342424,'2019-06-13 08:49:50.841000',10.1E0,'Felipe.com0',NULL,NULL,NULL,'Avenia Uchoa 393 araraquara',NULL,'JPS ATM','Correios Araraquara','Thiasdfgo0',NULL,NULL,NULL,NULL,NULL,'WRITED',NULL,NULL,NULL,NULL,NULL,NULL,NULL,NULL)
DELETE FROM EMBALAGEM WHERE ID=9
INSERT INTO EMBALAGEM VALUES(9,12,1232342342424,'2019-06-13 08:52:17.177000',10.1E0,'Felipe.com0',NULL,NULL,NULL,'Avenia Uchoa 393 araraquara',NULL,'JPS ATM','Correios Araraquara','Thiasdfgo0',NULL,NULL,NULL,NULL,NULL,'WRITED',NULL,NULL,NULL,NULL,NULL,NULL,NULL,NULL)
DELETE FROM EMBALAGEM WHERE ID=10
INSERT INTO EMBALAGEM VALUES(10,12,1232342342424,'2019-06-13 09:04:35.756000',10.1E0,'Felipe.com0',NULL,NULL,NULL,'Avenia Uchoa 393 araraquara',NULL,'JPS ATM','Correios Araraquara','Thiasdfgo0',NULL,NULL,NULL,NULL,NULL,'WRITED',NULL,NULL,NULL,NULL,NULL,NULL,NULL,NULL)
DELETE FROM EMBALAGEM WHERE ID=11
INSERT INTO EMBALAGEM VALUES(11,12,1232342342424,'2019-06-13 09:05:36.986000',10.1E0,'Felipe.com0',NULL,NULL,NULL,'Avenia Uchoa 393 araraquara',NULL,'JPS ATM','Correios Araraquara','Thiasdfgo0',NULL,NULL,NULL,NULL,NULL,'WRITED',NULL,NULL,NULL,NULL,NULL,NULL,NULL,NULL)
DELETE FROM EMBALAGEM WHERE ID=12
INSERT INTO EMBALAGEM VALUES(12,12,1232342342424,'2019-06-13 09:12:46.066000',10.1E0,'Felipe.com0',NULL,NULL,NULL,'Avenia Uchoa 393 araraquara',NULL,'JPS ATM','Correios Araraquara','Thiasdfgo0',NULL,NULL,NULL,NULL,NULL,'WRITED',NULL,NULL,NULL,NULL,NULL,NULL,NULL,NULL)
COMMIT

